20240514	18:48:55	31e46793-277c-47f9-b8f4-8185ea03e890	Too Many Requests: Too many login attempts from this IP, please try again after a 60 second pause	POST	/	http://localhost:5173
20240514	18:48:55	79f67d0b-a013-422e-afc1-808c052d4158	Too Many Requests: Too many login attempts from this IP, please try again after a 60 second pause	POST	/	http://localhost:5173
20240514	18:48:56	3a1332d0-be91-47d4-a308-0bae3234fd9b	Too Many Requests: Too many login attempts from this IP, please try again after a 60 second pause	POST	/	http://localhost:5173
20240514	18:48:57	75520dba-d443-4ff2-a6ed-30586c13b7bd	Too Many Requests: Too many login attempts from this IP, please try again after a 60 second pause	POST	/	http://localhost:5173
20240515	10:25:35	01762b28-b3f6-4aea-8501-eaaa936fe8c2	Too Many Requests: Too many login attempts from this IP, please try again after a 60 second pause	POST	/	http://localhost:5173
20240515	10:25:36	2124dbb5-5b11-49b8-9935-6e8923811a43	Too Many Requests: Too many login attempts from this IP, please try again after a 60 second pause	POST	/	http://localhost:5173
20240515	10:25:36	89a387ff-426e-4d74-87c1-6daed1547799	Too Many Requests: Too many login attempts from this IP, please try again after a 60 second pause	POST	/	http://localhost:5173
20240515	10:25:37	f4cb03fb-7935-4f59-b478-8f89d94b7f4a	Too Many Requests: Too many login attempts from this IP, please try again after a 60 second pause	POST	/	http://localhost:5173
20240515	10:25:37	fa3ad9fa-2bf1-4bc1-b057-a87bc532356c	Too Many Requests: Too many login attempts from this IP, please try again after a 60 second pause	POST	/	http://localhost:5173
20240515	10:25:37	6564c455-bb56-435d-9cc2-5b77c3fa7ebc	Too Many Requests: Too many login attempts from this IP, please try again after a 60 second pause	POST	/	http://localhost:5173
20240515	10:25:37	65cc77a8-2943-4b78-8763-b1325f5f22a0	Too Many Requests: Too many login attempts from this IP, please try again after a 60 second pause	POST	/	http://localhost:5173
20240515	10:25:37	8f612bb8-d5c0-4a60-8bad-213f21bf9d9a	Too Many Requests: Too many login attempts from this IP, please try again after a 60 second pause	POST	/	http://localhost:5173
20240515	10:25:37	f0c9c2b4-c513-4037-8640-0582d425d014	Too Many Requests: Too many login attempts from this IP, please try again after a 60 second pause	POST	/	http://localhost:5173
20240515	10:25:38	be10a31e-56d5-4511-ad0c-b79b51f4b266	Too Many Requests: Too many login attempts from this IP, please try again after a 60 second pause	POST	/	http://localhost:5173
20240515	10:25:38	4e160311-e6b3-41c7-88df-bdb66791099e	Too Many Requests: Too many login attempts from this IP, please try again after a 60 second pause	POST	/	http://localhost:5173
20240515	10:25:38	651d367c-6d74-44e4-9b0c-22bc85156c29	Too Many Requests: Too many login attempts from this IP, please try again after a 60 second pause	POST	/	http://localhost:5173
20240515	10:25:38	d4d8aced-8e18-4b08-bbcd-dc3bfcf36456	Too Many Requests: Too many login attempts from this IP, please try again after a 60 second pause	POST	/	http://localhost:5173
20240515	10:25:38	5850ec45-734f-4140-9222-fee8b49ede04	Too Many Requests: Too many login attempts from this IP, please try again after a 60 second pause	POST	/	http://localhost:5173
20240515	10:25:38	19b9fd04-51cd-45ac-baff-ab9ed8697ce1	Too Many Requests: Too many login attempts from this IP, please try again after a 60 second pause	POST	/	http://localhost:5173
20240515	10:25:39	b33e54c2-bbfa-4380-9702-ab7cf2d4c4ea	Too Many Requests: Too many login attempts from this IP, please try again after a 60 second pause	POST	/	http://localhost:5173
20240515	10:25:39	7386a329-86e1-4e2d-b268-91b57eb2073f	Too Many Requests: Too many login attempts from this IP, please try again after a 60 second pause	POST	/	http://localhost:5173
20240515	10:25:39	4c6ae01e-5412-4e41-afc7-2e597554a6f2	Too Many Requests: Too many login attempts from this IP, please try again after a 60 second pause	POST	/	http://localhost:5173
20240515	10:25:39	f0529de5-33f1-4d1d-b3fc-460a023b3174	Too Many Requests: Too many login attempts from this IP, please try again after a 60 second pause	POST	/	http://localhost:5173
20240515	10:25:39	255031c1-4900-4a93-90e8-165842182dfc	Too Many Requests: Too many login attempts from this IP, please try again after a 60 second pause	POST	/	http://localhost:5173
20240515	10:25:39	e707ffa3-475f-45a1-8700-13a84e47463f	Too Many Requests: Too many login attempts from this IP, please try again after a 60 second pause	POST	/	http://localhost:5173
20240515	10:25:39	abdf9a5e-aa0c-4e07-a0b0-62c4f83e71ad	Too Many Requests: Too many login attempts from this IP, please try again after a 60 second pause	POST	/	http://localhost:5173
20240515	10:25:40	a11b71ae-3acd-4e01-8184-6be2bfc40435	Too Many Requests: Too many login attempts from this IP, please try again after a 60 second pause	POST	/	http://localhost:5173
20240515	10:25:40	f40fc361-d9d8-4aa2-a86a-127c397aa577	Too Many Requests: Too many login attempts from this IP, please try again after a 60 second pause	POST	/	http://localhost:5173
20240515	10:25:40	c959012d-8c34-4d49-83e9-6ea0837a3424	Too Many Requests: Too many login attempts from this IP, please try again after a 60 second pause	POST	/	http://localhost:5173
20240515	10:25:40	b6995c97-2bdd-41b2-b853-ad8694afbd0d	Too Many Requests: Too many login attempts from this IP, please try again after a 60 second pause	POST	/	http://localhost:5173
20240515	10:25:40	2c10838c-fcfc-4428-a118-77a6c2c314dc	Too Many Requests: Too many login attempts from this IP, please try again after a 60 second pause	POST	/	http://localhost:5173
20240515	10:25:40	6d5dc6af-acb8-45bd-a433-b43ebc3d9c5b	Too Many Requests: Too many login attempts from this IP, please try again after a 60 second pause	POST	/	http://localhost:5173
20240515	10:25:41	2613e83c-73e9-4441-b881-e27c11a8c924	Too Many Requests: Too many login attempts from this IP, please try again after a 60 second pause	POST	/	http://localhost:5173
20240515	10:25:41	3ecc8a8e-3017-4b67-ba8a-6eace7cc0589	Too Many Requests: Too many login attempts from this IP, please try again after a 60 second pause	POST	/	http://localhost:5173
20240515	10:25:41	46add299-d8c0-491f-a904-88e2783900bb	Too Many Requests: Too many login attempts from this IP, please try again after a 60 second pause	POST	/	http://localhost:5173
20240515	10:25:41	2d9e032d-bdbd-47fb-930c-26446213a088	Too Many Requests: Too many login attempts from this IP, please try again after a 60 second pause	POST	/	http://localhost:5173
20240515	10:25:41	24b898ab-d391-40fe-915e-2044949e1532	Too Many Requests: Too many login attempts from this IP, please try again after a 60 second pause	POST	/	http://localhost:5173
20240515	10:25:41	c7e4657c-1c6b-4e13-b98a-3b6ed0442235	Too Many Requests: Too many login attempts from this IP, please try again after a 60 second pause	POST	/	http://localhost:5173
20240515	10:25:42	c2dd4e7e-8c6c-4be0-a629-e2edbfdf4e96	Too Many Requests: Too many login attempts from this IP, please try again after a 60 second pause	POST	/	http://localhost:5173
20240515	10:25:42	eb0a7755-4733-4c84-878f-e2dcae9c0691	Too Many Requests: Too many login attempts from this IP, please try again after a 60 second pause	POST	/	http://localhost:5173
20240515	10:25:42	cc0efc8f-c156-4bc0-b494-5eb74e1effa9	Too Many Requests: Too many login attempts from this IP, please try again after a 60 second pause	POST	/	http://localhost:5173
20240515	10:25:42	0fb3807f-a8b5-49b3-bb2b-d26bd7effe78	Too Many Requests: Too many login attempts from this IP, please try again after a 60 second pause	POST	/	http://localhost:5173
20240515	10:25:42	5b3ca502-69ab-4252-a8b6-872ddeb2bed4	Too Many Requests: Too many login attempts from this IP, please try again after a 60 second pause	POST	/	http://localhost:5173
20240515	10:25:42	3cc2ea52-e6a7-48fc-bc9d-2d708f988208	Too Many Requests: Too many login attempts from this IP, please try again after a 60 second pause	POST	/	http://localhost:5173
20240515	10:25:43	6fc11387-e345-489f-8a77-99a4d236e6a6	Too Many Requests: Too many login attempts from this IP, please try again after a 60 second pause	POST	/	http://localhost:5173
20240515	10:25:43	27aa5870-f08a-49b0-835a-2e74936fcc2e	Too Many Requests: Too many login attempts from this IP, please try again after a 60 second pause	POST	/	http://localhost:5173
20240515	10:25:43	95bae9a5-e830-4277-a3d8-98a1db68f319	Too Many Requests: Too many login attempts from this IP, please try again after a 60 second pause	POST	/	http://localhost:5173
20240515	10:25:43	869932c0-7af3-4a9e-b199-f89cc324c588	Too Many Requests: Too many login attempts from this IP, please try again after a 60 second pause	POST	/	http://localhost:5173
20240515	10:25:43	8fad8036-a024-4a5c-a97d-18075cd10cf6	Too Many Requests: Too many login attempts from this IP, please try again after a 60 second pause	POST	/	http://localhost:5173
20240515	10:25:43	43807fdd-d645-4b36-8701-443177d070d0	Too Many Requests: Too many login attempts from this IP, please try again after a 60 second pause	POST	/	http://localhost:5173
20240515	10:25:43	21aa2fa4-7da1-48c5-b65b-2c471619a856	Too Many Requests: Too many login attempts from this IP, please try again after a 60 second pause	POST	/	http://localhost:5173
20240515	10:25:44	cb86957c-a52b-4695-bf65-bcbbcaeccbba	Too Many Requests: Too many login attempts from this IP, please try again after a 60 second pause	POST	/	http://localhost:5173
20240515	10:25:44	ec299030-5535-4b48-8a4a-9fcd73594410	Too Many Requests: Too many login attempts from this IP, please try again after a 60 second pause	POST	/	http://localhost:5173
20240515	10:25:44	32c6479c-e670-448f-9863-0b684eed19b0	Too Many Requests: Too many login attempts from this IP, please try again after a 60 second pause	POST	/	http://localhost:5173
20240515	10:25:44	f7f00269-7e27-496b-9bbb-718ab29d5a1b	Too Many Requests: Too many login attempts from this IP, please try again after a 60 second pause	POST	/	http://localhost:5173
20240515	10:29:20	243770b0-941e-4da0-b4e1-4c91cd6b5839	Too Many Requests: Too many login attempts from this IP, please try again after a 60 second pause	POST	/	http://localhost:5173
20240515	10:29:21	f6d32c33-c3cc-4131-9402-5508b986ae23	Too Many Requests: Too many login attempts from this IP, please try again after a 60 second pause	POST	/	http://localhost:5173
20240515	10:29:22	5c859b19-000c-4726-8621-6de0bde4ee4f	Too Many Requests: Too many login attempts from this IP, please try again after a 60 second pause	POST	/	http://localhost:5173
20240515	10:29:23	27df1192-cb57-487e-ae2a-3bf7d386b791	Too Many Requests: Too many login attempts from this IP, please try again after a 60 second pause	POST	/	http://localhost:5173
