// sample logs
2024-06-24 16:41:53 [error]: ValidationError: Booking validation failed: rescheduleURL: Path `rescheduleURL` is required., cancelURL: Path `cancelURL` is required., eventTypeURI: Path `eventTypeURI` is required., scheduledEventURI: Path `scheduledEventURI` is required., eventName: Path `eventName` is required.
2024-06-24 21:23:19 [error]: Error: Cannot set headers after they are sent to the client
2024-06-24 21:41:33 [error]: TypeError: TemporaryBooking.findByIdAndDelete(...).exec(...).lean is not a function
2024-06-24 21:43:21 [error]: TypeError: TemporaryBooking.deleteMany(...).exec(...).lean is not a function
2024-06-26 00:06:38 [error]: ReferenceError: ACCESS_TOKEN_EXPIRY is not defined
2024-06-26 00:10:03 [error]: ReferenceError: ACCESS_TOKEN_EXPIRY is not defined
2024-06-26 00:30:05 [error]: ReferenceError: ACCESS_TOKEN_EXPIRY is not defined
2024-06-26 00:32:22 [error]: ReferenceError: ACCESS_TOKEN_EXPIRY is not defined
2024-06-26 00:33:26 [error]: ReferenceError: ACCESS_TOKEN_EXPIRY is not defined
2024-06-26 02:01:15 [error]: Error: Not allowed by CORS
2024-06-26 02:01:15 [error]: Error: Not allowed by CORS
2024-06-26 02:01:48 [error]: Error: Not allowed by CORS
2024-07-11 06:35:35 [error]: [FIRST CONNECTION ATTEMPT] Could not initialize queue
2024-07-11 06:35:35 [error]: Error initializing queue: Worker requires a connection
2024-07-11 06:35:35 [error]: [retryRedisConnection] Error initializing queue: Worker requires a connection
2024-07-11 06:36:40 [error]: Error initializing queue: Worker requires a connection
2024-07-11 06:36:40 [error]: [FIRST CONNECTION ATTEMPT] Could not initialize queue
2024-07-11 06:36:40 [error]: Error initializing queue: Worker requires a connection
2024-07-11 06:36:40 [error]: [retryRedisConnection] Error initializing queue: Worker requires a connection
2024-07-11 06:36:42 [error]: Error initializing queue: Worker requires a connection
2024-07-11 06:36:42 [error]: [FIRST CONNECTION ATTEMPT] Could not initialize queue
2024-07-11 06:36:42 [error]: Error initializing queue: Worker requires a connection
2024-07-11 06:36:42 [error]: [retryRedisConnection] Error initializing queue: Worker requires a connection
2024-07-11 06:37:27 [error]: Error initializing queue: Worker requires a connection
