2024-06-26 02:23:12	GET    	https://localhost:3200        	/assets/index-DgOFg1Zu.js	304	2ms     
2024-06-26 02:23:12	GET    	https://localhost:3200        	/assets/index-BEuc8FVT.css	304	2ms     
2024-06-26 02:24:05	POST   	http://localhost:5173         	/auth                    	200	629ms   
2024-06-26 02:24:05	GET    	http://localhost:5173         	/users/me                	200	233ms   
2024-06-26 02:24:05	GET    	http://localhost:5173         	/bookings/calendly       	200	232ms   
2024-06-26 02:24:06	GET    	http://localhost:5173         	/bookings                	200	699ms   
2024-06-26 02:24:20	GET    	http://localhost:5173         	/auth/refresh            	200	285ms   
2024-06-26 02:24:21	GET    	http://localhost:5173         	/users/me                	200	230ms   
2024-06-26 03:48:01	GET    	http://localhost:5173         	/auth/refresh            	200	302ms   
2024-06-26 03:48:01	GET    	http://localhost:5173         	/users/me                	200	218ms   
2024-06-26 11:55:03	POST   	http://localhost:5173         	/auth                    	200	590ms   
2024-06-26 11:55:03	GET    	http://localhost:5173         	/users/me                	200	219ms   
2024-06-26 11:55:03	GET    	http://localhost:5173         	/bookings/calendly       	200	222ms   
2024-06-26 11:55:04	GET    	http://localhost:5173         	/bookings                	200	654ms   
2024-06-26 12:06:55	POST   	http://localhost:5173         	/auth/logout             	204	805ms   
2024-06-26 13:31:28	POST   	http://localhost:5173         	/auth                    	200	1915ms  
2024-06-26 13:31:28	GET    	http://localhost:5173         	/users/me                	200	229ms   
2024-06-26 13:31:28	GET    	http://localhost:5173         	/bookings/calendly       	200	226ms   
2024-06-26 13:31:29	GET    	http://localhost:5173         	/bookings                	200	1131ms  
2024-06-26 13:33:54	GET    	http://localhost:5173         	/auth/refresh            	200	278ms   
2024-06-26 13:33:55	GET    	http://localhost:5173         	/users/me                	200	225ms   
2024-06-26 13:33:55	GET    	http://localhost:5173         	/bookings/calendly       	200	224ms   
2024-06-26 13:33:57	GET    	http://localhost:5173         	/bookings                	200	2464ms  
2024-06-26 13:42:59	GET    	http://localhost:5173         	/auth/refresh            	200	304ms   
2024-06-26 13:42:59	GET    	http://localhost:5173         	/users/me                	200	224ms   
2024-06-26 20:38:47	POST   	http://localhost:5173         	/auth                    	200	628ms   
2024-06-26 20:38:47	GET    	http://localhost:5173         	/users/me                	200	222ms   
2024-06-26 20:38:47	GET    	http://localhost:5173         	/bookings/calendly       	200	221ms   
2024-06-26 20:38:48	GET    	http://localhost:5173         	/bookings                	200	676ms   
2024-06-26 21:42:15	GET    	http://localhost:5173         	/auth/refresh            	200	759ms   
2024-06-26 21:42:16	GET    	http://localhost:5173         	/users/me                	200	249ms   
2024-06-26 21:42:16	GET    	http://localhost:5173         	/bookings/calendly       	200	236ms   
2024-06-26 21:42:16	GET    	http://localhost:5173         	/bookings                	200	679ms   
2024-06-26 21:42:22	PATCH  	http://localhost:5173         	/users/me                	200	270ms   
2024-06-26 21:42:23	GET    	http://localhost:5173         	/users/me                	200	660ms   
2024-06-26 21:51:56	GET    	http://localhost:5173         	/bookings/calendly       	200	393ms   
2024-06-26 21:51:57	GET    	http://localhost:5173         	/bookings                	200	842ms   
2024-06-26 21:51:59	GET    	http://localhost:5173         	/auth/refresh            	200	392ms   
2024-06-26 21:52:00	GET    	http://localhost:5173         	/users/me                	200	749ms   
2024-06-26 21:52:00	GET    	http://localhost:5173         	/bookings/calendly       	200	316ms   
2024-06-26 21:52:01	GET    	http://localhost:5173         	/bookings                	200	1281ms  
2024-06-26 21:53:41	GET    	http://localhost:5173         	/auth/refresh            	200	311ms   
2024-06-26 21:53:42	GET    	http://localhost:5173         	/users/me                	200	709ms   
2024-06-26 21:53:44	GET    	http://localhost:5173         	/bookings                	200	1687ms  
2024-06-26 21:53:46	GET    	http://localhost:5173         	/bookings/calendly       	200	4425ms  
2024-06-26 21:55:01	GET    	http://localhost:5173         	/auth/refresh            	200	326ms   
2024-06-26 21:55:03	GET    	http://localhost:5173         	/users/me                	200	1239ms  
2024-06-26 21:55:03	GET    	http://localhost:5173         	/bookings/calendly       	200	232ms   
2024-06-26 21:55:04	GET    	http://localhost:5173         	/bookings                	200	1245ms  
2024-06-26 21:57:09	GET    	http://localhost:5173         	/auth/refresh            	200	314ms   
2024-06-26 21:57:09	GET    	http://localhost:5173         	/users/me                	200	304ms   
2024-06-26 21:57:10	GET    	http://localhost:5173         	/bookings/calendly       	200	265ms   
2024-06-26 21:57:10	GET    	http://localhost:5173         	/bookings                	200	832ms   
2024-06-26 22:07:45	GET    	http://localhost:5173         	/auth/refresh            	200	553ms   
2024-06-26 22:07:45	GET    	http://localhost:5173         	/users/me                	200	260ms   
2024-06-26 22:07:45	GET    	http://localhost:5173         	/bookings/calendly       	200	336ms   
2024-06-26 22:07:46	GET    	http://localhost:5173         	/bookings                	200	1294ms  
2024-06-27 05:41:39	POST   	http://localhost:5173         	/auth                    	200	606ms   
2024-06-27 05:41:40	GET    	http://localhost:5173         	/users                   	200	227ms   
2024-06-27 05:41:45	GET    	http://localhost:5173         	/users/me                	200	226ms   
2024-06-27 05:41:46	GET    	http://localhost:5173         	/bookings/calendly       	200	445ms   
2024-06-27 05:41:46	GET    	http://localhost:5173         	/bookings                	500	723ms   
2024-06-27 05:41:56	GET    	http://localhost:5173         	/bookings                	500	702ms   
2024-06-27 05:41:57	POST   	http://localhost:5173         	/auth/logout             	204	473ms   
2024-06-27 05:42:02	POST   	http://localhost:5173         	/auth                    	200	557ms   
2024-06-27 05:42:02	GET    	http://localhost:5173         	/users/me                	200	230ms   
2024-06-27 05:42:03	GET    	http://localhost:5173         	/bookings/calendly       	200	247ms   
2024-06-27 05:42:03	GET    	http://localhost:5173         	/bookings                	200	791ms   
2024-06-27 05:42:10	GET    	http://localhost:5173         	/auth/refresh            	200	800ms   
2024-06-27 05:42:10	GET    	http://localhost:5173         	/users/me                	200	224ms   
2024-06-27 05:42:10	GET    	http://localhost:5173         	/bookings/calendly       	200	243ms   
2024-06-27 05:42:11	GET    	http://localhost:5173         	/bookings                	200	696ms   
2024-06-27 05:46:47	GET    	http://localhost:5173         	/auth/refresh            	200	400ms   
2024-06-27 05:46:48	GET    	http://localhost:5173         	/users/me                	200	225ms   
2024-06-27 05:46:48	GET    	http://localhost:5173         	/bookings/calendly       	200	213ms   
2024-06-27 05:46:48	GET    	http://localhost:5173         	/bookings                	200	701ms   
2024-06-27 06:06:14	GET    	http://localhost:5173         	/auth/refresh            	200	320ms   
2024-06-27 06:06:14	GET    	http://localhost:5173         	/users/me                	200	231ms   
2024-06-27 06:06:15	GET    	http://localhost:5173         	/bookings/calendly       	200	281ms   
2024-06-27 06:06:15	GET    	http://localhost:5173         	/bookings                	500	899ms   
2024-06-27 06:07:54	GET    	https://cattle-tender-mosquito.ngrok-free.app	/assets/index-BEuc8FVT.css	200	3ms     
2024-06-27 06:07:54	GET    	https://cattle-tender-mosquito.ngrok-free.app	/assets/index-DgOFg1Zu.js	200	7ms     
2024-06-27 06:09:54	GET    	http://localhost:5173         	/auth/refresh            	200	280ms   
2024-06-27 06:09:54	GET    	http://localhost:5173         	/users/me                	200	337ms   
2024-06-27 06:09:54	GET    	http://localhost:5173         	/bookings/calendly       	200	242ms   
2024-06-27 06:09:55	GET    	http://localhost:5173         	/bookings                	200	928ms   
2024-06-27 06:10:03	GET    	https://localhost:3200        	/assets/index-BEuc8FVT.css	200	2ms     
2024-06-27 06:10:03	GET    	https://localhost:3200        	/assets/index-DgOFg1Zu.js	200	9ms     
2024-06-27 06:33:49	GET    	http://localhost:5173         	/auth/refresh            	200	327ms   
2024-06-27 06:33:49	GET    	http://localhost:5173         	/users/me                	200	219ms   
2024-06-27 06:33:49	GET    	http://localhost:5173         	/bookings/calendly       	200	224ms   
2024-06-27 06:33:50	GET    	http://localhost:5173         	/bookings                	500	1158ms  
2024-06-27 06:38:21	GET    	http://localhost:5173         	/auth/refresh            	200	295ms   
2024-06-27 06:38:21	GET    	http://localhost:5173         	/users/me                	200	270ms   
2024-06-27 06:38:22	GET    	http://localhost:5173         	/bookings/calendly       	200	286ms   
2024-06-27 06:38:23	GET    	http://localhost:5173         	/bookings                	500	1140ms  
2024-06-27 07:07:48	GET    	http://localhost:5173         	/auth/refresh            	200	305ms   
2024-06-27 07:07:49	GET    	http://localhost:5173         	/users/me                	200	218ms   
2024-06-27 08:09:15	GET    	http://localhost:5173         	/auth/refresh            	200	319ms   
2024-06-27 08:09:15	GET    	http://localhost:5173         	/users/me                	200	252ms   
2024-06-27 08:09:16	GET    	http://localhost:5173         	/bookings/calendly       	200	281ms   
2024-06-27 08:09:16	GET    	http://localhost:5173         	/bookings                	200	963ms   
2024-06-27 08:58:43	GET    	http://localhost:5173         	/auth/refresh            	200	308ms   
2024-06-27 08:58:43	GET    	http://localhost:5173         	/users/me                	200	220ms   
2024-06-27 12:18:12	POST   	http://localhost:5173         	/auth                    	200	693ms   
2024-06-27 12:18:13	GET    	http://localhost:5173         	/users/me                	200	292ms   
2024-06-27 12:18:13	GET    	http://localhost:5173         	/bookings/calendly       	200	303ms   
2024-06-27 12:18:14	GET    	http://localhost:5173         	/bookings                	200	873ms   
2024-06-27 12:19:05	GET    	http://localhost:5173         	/auth/refresh            	200	397ms   
2024-06-27 12:19:05	GET    	http://localhost:5173         	/users/me                	200	303ms   
2024-06-27 14:03:27	POST   	http://localhost:5173         	/auth                    	200	779ms   
2024-06-27 14:03:28	GET    	http://localhost:5173         	/users/me                	200	315ms   
2024-06-27 14:03:28	GET    	http://localhost:5173         	/bookings/calendly       	200	317ms   
2024-06-27 14:03:29	GET    	http://localhost:5173         	/bookings                	200	948ms   
2024-06-27 14:27:30	GET    	http://localhost:5173         	/auth/refresh            	200	2792ms  
2024-06-27 14:27:31	GET    	http://localhost:5173         	/users/me                	200	416ms   
2024-06-27 14:54:29	GET    	http://localhost:5173         	/auth/refresh            	200	414ms   
2024-06-27 14:54:29	GET    	http://localhost:5173         	/users/me                	200	336ms   
2024-06-27 14:54:30	GET    	http://localhost:5173         	/bookings/calendly       	200	336ms   
2024-06-27 14:54:30	GET    	http://localhost:5173         	/bookings                	200	1000ms  
2024-06-27 14:54:31	POST   	http://localhost:5173         	/auth/logout             	204	1307ms  
2024-06-27 14:54:41	POST   	http://localhost:5173         	/auth                    	401	424ms   
2024-06-27 14:54:43	POST   	http://localhost:5173         	/auth                    	401	419ms   
2024-06-27 14:54:44	POST   	http://localhost:5173         	/auth                    	401	420ms   
2024-06-27 14:54:46	POST   	http://localhost:5173         	/auth                    	401	389ms   
2024-06-27 14:54:47	POST   	http://localhost:5173         	/auth                    	401	495ms   
2024-06-27 14:54:50	POST   	http://localhost:5173         	/auth                    	429	4ms     
2024-06-27 14:55:05	POST   	http://localhost:5173         	/auth                    	429	2ms     
2024-06-27 14:56:20	POST   	http://localhost:5173         	/auth                    	401	420ms   
2024-06-27 14:56:24	POST   	http://localhost:5173         	/auth                    	401	433ms   
2024-06-27 14:56:29	POST   	http://localhost:5173         	/auth                    	401	420ms   
2024-06-27 14:56:31	POST   	http://localhost:5173         	/auth                    	401	969ms   
2024-06-27 14:56:36	POST   	http://localhost:5173         	/auth                    	400	2ms     
2024-06-27 14:56:46	POST   	http://localhost:5173         	/auth                    	401	433ms   
2024-06-27 14:56:47	POST   	http://localhost:5173         	/auth                    	429	3ms     
2024-06-27 14:56:48	POST   	http://localhost:5173         	/auth                    	429	2ms     
2024-06-27 14:59:49	POST   	http://localhost:5173         	/auth                    	401	423ms   
2024-06-27 14:59:51	POST   	http://localhost:5173         	/auth                    	401	433ms   
2024-06-27 14:59:52	POST   	http://localhost:5173         	/auth                    	401	406ms   
2024-06-27 14:59:53	POST   	http://localhost:5173         	/auth                    	401	397ms   
2024-06-27 14:59:54	POST   	http://localhost:5173         	/auth                    	401	426ms   
2024-06-27 15:00:02	POST   	http://localhost:5173         	/auth                    	429	2ms     
2024-06-27 15:00:15	POST   	http://localhost:5173         	/auth                    	429	3ms     
2024-06-27 15:00:15	POST   	http://localhost:5173         	/auth                    	429	4ms     
2024-06-27 15:00:15	POST   	http://localhost:5173         	/auth                    	429	2ms     
2024-06-27 15:00:16	POST   	http://localhost:5173         	/auth                    	429	4ms     
2024-06-27 15:07:04	POST   	http://localhost:5173         	/auth                    	401	401ms   
2024-06-27 15:07:10	POST   	http://localhost:5173         	/auth                    	200	1001ms  
2024-06-27 15:07:10	GET    	http://localhost:5173         	/users/me                	200	446ms   
2024-06-27 15:07:11	GET    	http://localhost:5173         	/bookings/calendly       	200	335ms   
2024-06-27 15:07:12	GET    	http://localhost:5173         	/bookings                	200	1689ms  
2024-06-27 15:09:54	GET    	http://localhost:5173         	/auth/refresh            	200	441ms   
2024-06-27 15:09:55	GET    	http://localhost:5173         	/users/me                	200	348ms   
2024-06-27 15:09:55	GET    	http://localhost:5173         	/bookings/calendly       	200	478ms   
2024-06-27 15:09:57	GET    	http://localhost:5173         	/bookings                	200	2287ms  
2024-06-28 16:13:55	POST   	http://localhost:5173         	/auth                    	200	1458ms  
2024-06-28 16:13:56	GET    	http://localhost:5173         	/users/me                	200	340ms   
2024-06-28 16:13:56	GET    	http://localhost:5173         	/bookings/calendly       	200	337ms   
2024-06-28 16:13:57	GET    	http://localhost:5173         	/bookings                	200	1129ms  
2024-06-28 16:14:05	POST   	http://localhost:5173         	/payments                	200	1978ms  
2024-06-28 16:16:38	GET    	http://localhost:5173         	/auth/refresh            	200	438ms   
2024-06-28 16:16:38	GET    	http://localhost:5173         	/users/me                	200	356ms   
2024-06-28 16:16:39	GET    	http://localhost:5173         	/bookings/calendly       	200	343ms   
2024-06-28 16:16:39	GET    	http://localhost:5173         	/bookings                	200	1067ms  
2024-06-28 16:17:29	GET    	http://localhost:5173         	/auth/refresh            	200	1020ms  
2024-06-28 16:17:29	GET    	http://localhost:5173         	/users/me                	200	360ms   
2024-06-28 16:17:31	GET    	http://localhost:5173         	/bookings                	200	1138ms  
2024-06-28 16:19:51	GET    	https://cattle-tender-mosquito.ngrok-free.app	/assets/index-DgOFg1Zu.js	200	5ms     
2024-06-28 16:19:51	GET    	https://cattle-tender-mosquito.ngrok-free.app	/assets/index-BEuc8FVT.css	304	0ms     
2024-06-28 16:22:34	GET    	http://localhost:5173         	/auth/refresh            	200	436ms   
2024-06-28 16:22:35	GET    	http://localhost:5173         	/users/me                	200	431ms   
2024-06-28 16:22:35	GET    	http://localhost:5173         	/bookings/calendly       	200	340ms   
2024-06-28 16:22:36	GET    	http://localhost:5173         	/bookings                	200	1062ms  
2024-06-28 17:04:44	GET    	http://localhost:5173         	/auth/refresh            	200	424ms   
2024-06-28 17:04:44	GET    	http://localhost:5173         	/users/me                	200	322ms   
2024-06-28 19:04:57	POST   	http://localhost:5173         	/auth                    	200	577ms   
2024-06-28 19:04:57	GET    	http://localhost:5173         	/users/me                	200	233ms   
2024-06-28 19:04:58	GET    	http://localhost:5173         	/bookings/calendly       	200	223ms   
2024-06-28 19:04:58	GET    	http://localhost:5173         	/bookings                	200	766ms   
2024-06-28 19:09:06	GET    	http://localhost:5173         	/auth/refresh            	200	555ms   
2024-06-28 19:09:07	GET    	http://localhost:5173         	/users/me                	200	500ms   
2024-06-28 20:00:54	POST   	http://localhost:5173         	/auth/register           	409	795ms   
2024-06-28 20:01:38	POST   	http://localhost:5173         	/auth/register           	409	318ms   
2024-06-28 20:01:46	POST   	http://localhost:5173         	/auth/register           	409	1638ms  
2024-06-28 20:01:52	POST   	http://localhost:5173         	/auth/register           	500	347ms   
2024-06-28 20:03:13	POST   	http://localhost:5173         	/auth/register           	201	1552ms  
2024-06-28 20:06:51	GET    	http://localhost:5173         	/users/verifyEmail?token=a4a3ff663d9f264cc8ae5625b58f5158326498d6	400	330ms   
2024-06-28 20:07:14	POST   	http://localhost:5173         	/users/resendEmailVerification	400	415ms   
2024-06-28 20:08:22	GET    	http://localhost:5173         	/users/verifyEmail?token=a4a3ff663d9f264cc8ae5625b58f5158326498d6	400	313ms   
2024-06-28 20:08:33	GET    	http://localhost:5173         	/users/verifyEmail?token=a4a3ff663d9f264cc8ae5625b58f5158326498d6	400	313ms   
2024-06-28 20:14:53	POST   	http://localhost:5173         	/users/resendEmailVerification	400	320ms   
2024-06-28 20:15:44	POST   	http://localhost:5173         	/users/forgotPassword    	500	322ms   
2024-06-28 20:17:17	POST   	http://localhost:5173         	/users/forgotPassword    	500	340ms   
2024-06-28 20:22:53	POST   	http://localhost:5173         	/users/forgotPassword    	200	694ms   
2024-06-28 20:23:03	POST   	http://localhost:5173         	/users/forgotPassword    	200	695ms   
2024-06-28 20:27:44	POST   	http://localhost:5173         	/users/resetPassword?token=6f8c7a95492c3262d3944db1948c5ac805e28940	400	319ms   
2024-06-28 20:31:02	POST   	http://localhost:5173         	/users/resetPassword?token=6f8c7a95492c3262d3944db1948c5ac805e28940	200	682ms   
2024-06-28 20:32:07	POST   	http://localhost:5173         	/auth                    	401	402ms   
2024-06-28 20:32:19	POST   	http://localhost:5173         	/users/resendEmailVerification	200	677ms   
2024-06-28 20:33:28	GET    	http://localhost:5173         	/users/verifyEmail?token=f2735af7239d5a0b1082a33cb9786cd62ef489cf	500	3ms     
2024-06-28 20:33:50	GET    	http://localhost:5173         	/users/verifyEmail?token=f2735af7239d5a0b1082a33cb9786cd62ef489cf	500	1ms     
2024-06-28 20:36:54	GET    	http://localhost:5173         	/users/verifyEmail?token=f2735af7239d5a0b1082a33cb9786cd62ef489cf	200	693ms   
2024-06-28 20:37:07	POST   	http://localhost:5173         	/auth                    	200	779ms   
2024-06-28 20:37:08	GET    	http://localhost:5173         	/users/me                	200	324ms   
2024-06-28 20:37:09	GET    	http://localhost:5173         	/bookings/calendly       	200	732ms   
2024-06-28 20:37:09	GET    	http://localhost:5173         	/bookings                	200	1386ms  
2024-06-28 20:44:48	GET    	http://localhost:5173         	/auth/refresh            	200	428ms   
2024-06-28 20:44:48	GET    	http://localhost:5173         	/users/me                	200	342ms   
2024-06-28 20:44:48	GET    	http://localhost:5173         	/bookings/calendly       	200	348ms   
2024-06-28 20:44:50	GET    	http://localhost:5173         	/bookings                	200	2010ms  
2024-06-28 21:22:06	GET    	http://localhost:5173         	/auth/refresh            	200	340ms   
2024-06-28 21:22:06	GET    	http://localhost:5173         	/users/me                	200	257ms   
2024-07-08 03:33:31	GET    	https://localhost:3200        	/assets/index-BEuc8FVT.css	200	3ms     
2024-07-08 03:33:31	GET    	https://localhost:3200        	/assets/index-DgOFg1Zu.js	200	22ms    
2024-07-08 03:33:53	POST   	http://localhost:5173         	/auth                    	200	655ms   
2024-07-08 03:33:54	GET    	http://localhost:5173         	/users                   	200	227ms   
2024-07-08 03:34:44	GET    	http://localhost:5173         	/auth/refresh            	200	305ms   
2024-07-08 03:34:44	GET    	http://localhost:5173         	/users/me                	200	3ms     
2024-07-08 03:34:44	GET    	http://localhost:5173         	/bookings/calendly       	200	2ms     
2024-07-08 03:34:44	GET    	http://localhost:5173         	/bookings                	204	611ms   
2024-07-08 03:35:29	GET    	http://localhost:5173         	/auth/refresh            	200	305ms   
2024-07-08 03:35:29	GET    	http://localhost:5173         	/users/me                	200	2ms     
2024-07-08 03:35:29	GET    	http://localhost:5173         	/bookings/calendly       	200	2ms     
2024-07-08 03:35:29	GET    	http://localhost:5173         	/bookings                	204	495ms   
2024-07-08 03:35:32	GET    	http://localhost:5173         	/auth/refresh            	200	306ms   
2024-07-08 03:35:33	GET    	http://localhost:5173         	/users/me                	200	2ms     
2024-07-08 03:35:33	GET    	http://localhost:5173         	/bookings/calendly       	200	2ms     
2024-07-08 03:35:33	GET    	http://localhost:5173         	/bookings                	204	442ms   
2024-07-08 03:36:22	POST   	http://localhost:5173         	/auth/logout             	204	598ms   
2024-07-08 03:36:28	POST   	http://localhost:5173         	/auth                    	200	587ms   
2024-07-08 03:36:28	GET    	http://localhost:5173         	/users/me                	200	3ms     
2024-07-08 03:36:28	GET    	http://localhost:5173         	/bookings/calendly       	200	3ms     
2024-07-08 03:36:29	GET    	http://localhost:5173         	/bookings                	204	444ms   
2024-07-08 03:37:13	GET    	http://localhost:5173         	/auth/refresh            	200	307ms   
2024-07-08 03:37:13	GET    	http://localhost:5173         	/users/me                	200	1ms     
2024-07-08 03:37:13	GET    	http://localhost:5173         	/bookings/calendly       	200	2ms     
2024-07-08 03:37:14	GET    	http://localhost:5173         	/bookings                	204	487ms   
2024-07-08 03:39:15	GET    	http://localhost:5173         	/auth/refresh            	200	301ms   
2024-07-08 03:39:15	GET    	http://localhost:5173         	/users/me                	200	2ms     
2024-07-08 03:39:15	GET    	http://localhost:5173         	/bookings/calendly       	200	1ms     
2024-07-08 03:39:15	GET    	http://localhost:5173         	/bookings                	204	593ms   
2024-07-08 03:40:15	GET    	http://localhost:5173         	/users/me                	200	2ms     
2024-07-08 03:40:30	GET    	http://localhost:5173         	/users/me                	200	2ms     
2024-07-08 03:40:33	GET    	http://localhost:5173         	/users/me                	200	1ms     
2024-07-08 03:40:36	GET    	http://localhost:5173         	/auth/refresh            	200	287ms   
2024-07-08 03:40:37	GET    	http://localhost:5173         	/users                   	200	316ms   
2024-07-08 03:40:37	GET    	http://localhost:5173         	/bookings/calendly       	200	2ms     
2024-07-08 03:40:37	GET    	http://localhost:5173         	/bookings                	204	580ms   2024-07-08 04:06:18	GET    	http://localhost:5173         	/auth/refresh            	200	312ms   
2024-07-08 04:06:18	GET    	http://localhost:5173         	/users                   	200	5ms     
2024-07-08 04:06:18	GET    	http://localhost:5173         	/bookings/calendly       	200	2ms     
2024-07-08 04:06:19	GET    	http://localhost:5173         	/bookings                	204	227ms   
2024-07-08 04:07:32	GET    	http://localhost:5173         	/auth/refresh            	200	284ms   
2024-07-08 04:07:32	GET    	http://localhost:5173         	/users                   	200	2ms     
2024-07-08 04:07:32	GET    	http://localhost:5173         	/bookings/calendly       	200	2ms     
2024-07-08 04:07:32	GET    	http://localhost:5173         	/bookings                	204	270ms   
2024-07-08 04:08:49	GET    	http://localhost:5173         	/auth/refresh            	200	316ms   
2024-07-08 04:08:49	GET    	http://localhost:5173         	/users                   	200	2ms     
2024-07-08 04:08:49	GET    	http://localhost:5173         	/bookings/calendly       	200	4ms     
2024-07-08 04:08:49	GET    	http://localhost:5173         	/bookings                	204	222ms   
2024-07-08 17:59:40	POST   	http://localhost:5173         	/auth                    	200	557ms   
2024-07-08 17:59:41	GET    	http://localhost:5173         	/users                   	200	223ms   
2024-07-08 17:59:41	GET    	http://localhost:5173         	/bookings/calendly       	200	3ms     
2024-07-08 17:59:41	GET    	http://localhost:5173         	/bookings                	204	239ms   
2024-07-08 23:01:51	POST   	http://localhost:5173         	/auth                    	200	869ms   
Initial request

2024-07-08 23:33:58	GET    	https://cattle-tender-mosquito.ngrok-free.app	/assets/index-BEuc8FVT.css	200	2ms     
2024-07-08 23:33:58	GET    	https://cattle-tender-mosquito.ngrok-free.app	/assets/index-DgOFg1Zu.js	200	44ms    
2024-07-08 23:35:28	GET    	http://localhost:5173         	/auth/refresh            	200	1592ms  
2024-07-08 23:35:29	GET    	http://localhost:5173         	/users                   	200	930ms   
2024-07-08 23:35:29	GET    	http://localhost:5173         	/bookings/calendly       	200	2ms     
2024-07-08 23:35:30	GET    	http://localhost:5173         	/bookings                	204	898ms   
2024-07-08 23:48:43	GET    	http://localhost:5173         	/auth/refresh            	200	425ms   
2024-07-08 23:48:43	GET    	http://localhost:5173         	/users                   	200	9ms     
2024-07-08 23:48:43	GET    	http://localhost:5173         	/bookings/calendly       	200	3ms     
2024-07-08 23:48:44	GET    	http://localhost:5173         	/bookings                	204	336ms   
2024-07-08 23:49:30	GET    	http://localhost:5173         	/auth/refresh            	200	411ms   
2024-07-08 23:49:30	GET    	http://localhost:5173         	/users                   	200	2ms     
2024-07-08 23:49:30	GET    	http://localhost:5173         	/bookings/calendly       	200	13ms    
2024-07-08 23:49:30	GET    	http://localhost:5173         	/bookings                	204	346ms   
2024-07-08 23:51:34	GET    	http://localhost:5173         	/auth/refresh            	200	405ms   
2024-07-08 23:51:34	GET    	http://localhost:5173         	/users                   	200	7ms     
2024-07-08 23:51:35	GET    	http://localhost:5173         	/bookings/calendly       	200	2ms     
2024-07-08 23:51:35	GET    	http://localhost:5173         	/bookings                	200	337ms   
2024-07-09 00:02:33	GET    	http://localhost:5173         	/auth/refresh            	200	1174ms  
2024-07-09 00:02:33	GET    	http://localhost:5173         	/users                   	200	351ms   
2024-07-09 00:02:34	GET    	http://localhost:5173         	/bookings/calendly       	200	2ms     
2024-07-09 00:02:34	GET    	http://localhost:5173         	/bookings                	200	364ms   
2024-07-09 00:05:23	GET    	http://localhost:5173         	/auth/refresh            	200	408ms   
2024-07-09 00:05:23	GET    	http://localhost:5173         	/users                   	200	4ms     
2024-07-09 00:05:23	GET    	http://localhost:5173         	/bookings/calendly       	200	3ms     
2024-07-09 00:05:23	GET    	http://localhost:5173         	/bookings                	204	361ms   
2024-07-09 00:09:32	GET    	http://localhost:5173         	/auth/refresh            	200	320ms   
2024-07-09 00:09:32	GET    	http://localhost:5173         	/users                   	200	3ms     
2024-07-09 00:09:32	GET    	http://localhost:5173         	/bookings/calendly       	200	2ms     
2024-07-09 00:09:32	GET    	http://localhost:5173         	/bookings                	204	317ms   
2024-07-09 00:12:22	GET    	https://cattle-tender-mosquito.ngrok-free.app	/assets/index-BEuc8FVT.css	304	1ms     
2024-07-09 00:12:22	GET    	https://cattle-tender-mosquito.ngrok-free.app	/assets/index-DgOFg1Zu.js	304	2ms     
2024-07-09 00:12:39	GET    	http://localhost:5173         	/auth/refresh            	200	412ms   
2024-07-09 00:12:39	GET    	http://localhost:5173         	/users                   	200	5ms     
2024-07-09 00:12:39	GET    	http://localhost:5173         	/bookings/calendly       	200	1ms     
2024-07-09 00:12:39	GET    	http://localhost:5173         	/bookings                	200	327ms   
2024-07-09 00:14:11	GET    	http://localhost:5173         	/auth/refresh            	200	404ms   
2024-07-09 00:14:11	GET    	http://localhost:5173         	/users                   	200	2ms     
2024-07-09 00:14:11	GET    	http://localhost:5173         	/bookings                	200	1ms     
2024-07-09 00:14:11	GET    	http://localhost:5173         	/bookings/calendly       	200	2ms     
2024-07-09 00:16:09	GET    	https://cattle-tender-mosquito.ngrok-free.app	/assets/index-DgOFg1Zu.js	304	1ms     
2024-07-09 00:16:09	GET    	https://cattle-tender-mosquito.ngrok-free.app	/assets/index-BEuc8FVT.css	304	0ms     
2024-07-09 00:17:28	GET    	http://localhost:5173         	/auth/refresh            	200	395ms   
2024-07-09 00:17:28	GET    	http://localhost:5173         	/users                   	200	7ms     
2024-07-09 00:17:28	GET    	http://localhost:5173         	/bookings/calendly       	200	1ms     
2024-07-09 00:17:28	GET    	http://localhost:5173         	/bookings                	200	321ms 
2024-07-09 00:19:26	GET    	http://localhost:5173         	/auth/refresh            	200	435ms   
2024-07-09 00:19:26	GET    	http://localhost:5173         	/users                   	200	2ms     
2024-07-09 00:19:26	GET    	http://localhost:5173         	/bookings                	200	2ms     
2024-07-09 00:19:26	GET    	http://localhost:5173         	/bookings/calendly       	200	1ms     
2024-07-09 00:22:57	POST   	http://localhost:5173         	/payments                	200	2416ms  
2024-07-09 00:25:25	GET    	https://cattle-tender-mosquito.ngrok-free.app	/assets/index-DgOFg1Zu.js	304	0ms     
2024-07-09 00:25:25	GET    	https://cattle-tender-mosquito.ngrok-free.app	/assets/index-BEuc8FVT.css	304	1ms     
2024-07-09 00:25:41	GET    	http://localhost:5173         	/auth/refresh            	200	396ms   
2024-07-09 00:25:41	GET    	http://localhost:5173         	/users                   	200	2ms     
2024-07-09 00:25:41	GET    	http://localhost:5173         	/bookings                	200	5ms     
2024-07-09 00:25:41	GET    	http://localhost:5173         	/bookings/calendly       	200	1ms     
2024-07-09 00:25:43	GET    	http://localhost:5173         	/auth/refresh            	200	398ms   
2024-07-09 00:25:43	GET    	http://localhost:5173         	/users                   	200	1ms     
2024-07-09 00:25:43	GET    	http://localhost:5173         	/bookings/calendly       	200	5ms     
2024-07-09 00:25:43	GET    	http://localhost:5173         	/bookings                	200	4ms     
2024-07-09 00:27:05	GET    	http://localhost:5173         	/auth/refresh            	200	398ms   
2024-07-09 00:27:05	GET    	http://localhost:5173         	/users                   	200	3ms     
2024-07-09 00:27:05	GET    	http://localhost:5173         	/bookings/calendly       	200	3ms     
2024-07-09 00:27:06	GET    	http://localhost:5173         	/bookings                	200	318ms   
2024-07-09 00:32:28	GET    	http://localhost:5173         	/auth/refresh            	200	358ms   
2024-07-09 00:32:28	GET    	http://localhost:5173         	/users                   	200	3ms     
2024-07-09 00:32:28	GET    	http://localhost:5173         	/bookings                	200	3ms     
2024-07-09 00:32:28	GET    	http://localhost:5173         	/bookings/calendly       	200	3ms     
2024-07-09 00:33:56	GET    	http://localhost:5173         	/auth/refresh            	200	407ms   
2024-07-09 00:33:56	GET    	http://localhost:5173         	/users                   	200	4ms     
2024-07-09 00:33:56	GET    	http://localhost:5173         	/bookings                	200	2ms     
2024-07-09 00:33:56	GET    	http://localhost:5173         	/bookings/calendly       	200	3ms     
2024-07-09 00:34:11	POST   	http://localhost:5173         	/payments                	200	2232ms  
2024-07-09 00:38:15	GET    	http://localhost:5173         	/auth/refresh            	200	305ms   
2024-07-09 00:38:15	GET    	http://localhost:5173         	/users                   	200	10ms    
2024-07-09 00:38:15	GET    	http://localhost:5173         	/bookings                	200	2ms     
2024-07-09 00:38:15	GET    	http://localhost:5173         	/bookings/calendly       	200	2ms     
2024-07-09 00:38:28	GET    	http://localhost:5173         	/auth/refresh            	200	301ms   
2024-07-09 00:38:28	GET    	http://localhost:5173         	/users                   	200	3ms     
2024-07-09 00:38:28	GET    	http://localhost:5173         	/bookings/calendly       	200	1ms     
2024-07-09 00:38:28	GET    	http://localhost:5173         	/bookings                	200	239ms   
2024-07-09 00:42:31	GET    	http://localhost:5173         	/auth/refresh            	200	293ms   
2024-07-09 00:42:31	GET    	http://localhost:5173         	/users                   	200	2ms     
2024-07-09 00:42:31	GET    	http://localhost:5173         	/bookings                	200	2ms     
2024-07-09 00:42:31	GET    	http://localhost:5173         	/bookings/calendly       	200	2ms     
2024-07-09 01:19:41	GET    	http://localhost:5173         	/auth/refresh            	200	379ms   
2024-07-09 01:19:41	GET    	http://localhost:5173         	/users                   	200	3ms     
2024-07-09 01:19:41	GET    	http://localhost:5173         	/bookings                	200	7ms     
2024-07-09 01:19:41	GET    	http://localhost:5173         	/bookings/calendly       	200	6ms     
2024-07-09 12:42:40	POST   	http://localhost:5173         	/auth                    	200	641ms   
2024-07-09 12:42:41	GET    	http://localhost:5173         	/users                   	200	240ms   
2024-07-09 12:42:41	GET    	http://localhost:5173         	/bookings/calendly       	200	65ms    
2024-07-09 12:42:41	GET    	http://localhost:5173         	/bookings                	200	287ms   
2024-07-09 12:43:08	GET    	http://localhost:5173         	/auth/refresh            	200	318ms   
2024-07-09 12:43:08	GET    	http://localhost:5173         	/users                   	200	1ms     
2024-07-09 12:43:08	GET    	http://localhost:5173         	/bookings                	200	2ms     
2024-07-09 12:43:08	GET    	http://localhost:5173         	/bookings/calendly       	200	3ms     
2024-07-09 12:45:16	POST   	http://localhost:5173         	/auth/logout             	204	607ms   
